Using pre-set license
Built from '2021.3/china_unity/release' branch; Version is '2021.3.8f1c1 (c20728c1e961) revision 12715816'; Using compiler version '192829333'; Build Type 'Release'
OS: 'Windows 10  (10.0.19044) 64bit CoreCountrySpecific' Language: 'zh' Physical Memory: 8042 MB
BatchMode: 1, IsHumanControllingUs: 0, StartBugReporterOnCrash: 0, Is64bit: 1, IsPro: 1

COMMAND LINE ARGUMENTS:
D:\mystudy\unity\Unity 2021.3.8f1c1\Editor\Unity.exe
-adb2
-batchMode
-noUpm
-name
AssetImportWorker2
-projectPath
D:/downLoad/unityResource/ProjectResources/HistroyMuseum-master/HistroyMuseum
-logFile
Logs/AssetImportWorker2.log
-srvPort
51202
Successfully changed project path to: D:/downLoad/unityResource/ProjectResources/HistroyMuseum-master/HistroyMuseum
D:/downLoad/unityResource/ProjectResources/HistroyMuseum-master/HistroyMuseum
[UnityMemory] Configuration Parameters - Can be set up in boot.config
    "memorysetup-bucket-allocator-granularity=16"
    "memorysetup-bucket-allocator-bucket-count=8"
    "memorysetup-bucket-allocator-block-size=33554432"
    "memorysetup-bucket-allocator-block-count=8"
    "memorysetup-main-allocator-block-size=16777216"
    "memorysetup-thread-allocator-block-size=16777216"
    "memorysetup-gfx-main-allocator-block-size=16777216"
    "memorysetup-gfx-thread-allocator-block-size=16777216"
    "memorysetup-cache-allocator-block-size=4194304"
    "memorysetup-typetree-allocator-block-size=2097152"
    "memorysetup-profiler-bucket-allocator-granularity=16"
    "memorysetup-profiler-bucket-allocator-bucket-count=8"
    "memorysetup-profiler-bucket-allocator-block-size=33554432"
    "memorysetup-profiler-bucket-allocator-block-count=8"
    "memorysetup-profiler-allocator-block-size=16777216"
    "memorysetup-profiler-editor-allocator-block-size=1048576"
    "memorysetup-temp-allocator-size-main=16777216"
    "memorysetup-job-temp-allocator-block-size=2097152"
    "memorysetup-job-temp-allocator-block-size-background=1048576"
    "memorysetup-job-temp-allocator-reduction-small-platforms=262144"
    "memorysetup-temp-allocator-size-background-worker=32768"
    "memorysetup-temp-allocator-size-job-worker=262144"
    "memorysetup-temp-allocator-size-preload-manager=33554432"
    "memorysetup-temp-allocator-size-nav-mesh-worker=65536"
    "memorysetup-temp-allocator-size-audio-worker=65536"
    "memorysetup-temp-allocator-size-cloud-worker=32768"
    "memorysetup-temp-allocator-size-gi-baking-worker=262144"
    "memorysetup-temp-allocator-size-gfx=262144"
AS: AutoStreaming module initializing.
Refreshing native plugins compatible for Editor in 65.29 ms, found 2 plugins.
Preloading 0 native plugins for Editor in 0.00 ms.
Initialize engine version: 2021.3.8f1c1 (c20728c1e961)
[Subsystems] Discovering subsystems at path D:/mystudy/unity/Unity 2021.3.8f1c1/Editor/Data/Resources/UnitySubsystems
[Subsystems] Discovering subsystems at path D:/downLoad/unityResource/ProjectResources/HistroyMuseum-master/HistroyMuseum/Assets
GfxDevice: creating device client; threaded=0; jobified=0
Direct3D:
    Version:  Direct3D 11.0 [level 11.1]
    Renderer: NVIDIA GeForce GTX 1060 (ID=0x1c20)
    Vendor:   NVIDIA
    VRAM:     6052 MB
    Driver:   27.21.14.5763
Initialize mono
Mono path[0] = 'D:/mystudy/unity/Unity 2021.3.8f1c1/Editor/Data/Managed'
Mono path[1] = 'D:/mystudy/unity/Unity 2021.3.8f1c1/Editor/Data/MonoBleedingEdge/lib/mono/unityjit-win32'
Mono config path = 'D:/mystudy/unity/Unity 2021.3.8f1c1/Editor/Data/MonoBleedingEdge/etc'
Using monoOptions --debugger-agent=transport=dt_socket,embedding=1,server=y,suspend=n,address=127.0.0.1:56816
Begin MonoManager ReloadAssembly
Registering precompiled unity dll's ...
Register platform support module: D:/mystudy/unity/Unity 2021.3.8f1c1/Editor/Data/PlaybackEngines/AndroidPlayer/UnityEditor.Android.Extensions.dll
Register platform support module: D:/mystudy/unity/Unity 2021.3.8f1c1/Editor/Data/PlaybackEngines/WindowsStandaloneSupport/UnityEditor.WindowsStandalone.Extensions.dll
Registered in 0.004951 seconds.
Native extension for WindowsStandalone target not found
Native extension for Android target not found
Refreshing native plugins compatible for Editor in 45.56 ms, found 2 plugins.
Preloading 0 native plugins for Editor in 0.00 ms.
Mono: successfully reloaded assembly
- Completed reload, in  0.580 seconds
Domain Reload Profiling:
	ReloadAssembly (581ms)
		BeginReloadAssembly (66ms)
			ExecutionOrderSort (0ms)
			DisableScriptedObjects (0ms)
			BackupInstance (0ms)
			ReleaseScriptingObjects (0ms)
			CreateAndSetChildDomain (1ms)
		EndReloadAssembly (406ms)
			LoadAssemblies (63ms)
			RebuildTransferFunctionScriptingTraits (0ms)
			SetupTypeCache (104ms)
			ReleaseScriptCaches (0ms)
			RebuildScriptCaches (29ms)
			SetupLoadedEditorAssemblies (222ms)
				LogAssemblyErrors (0ms)
				InitializePlatformSupportModulesInManaged (40ms)
				SetLoadedEditorAssemblies (0ms)
				RefreshPlugins (46ms)
				BeforeProcessingInitializeOnLoad (1ms)
				ProcessInitializeOnLoadAttributes (93ms)
				ProcessInitializeOnLoadMethodAttributes (42ms)
				AfterProcessingInitializeOnLoad (0ms)
				EditorAssembliesLoaded (0ms)
			ExecutionOrderSort2 (0ms)
			AwakeInstancesAfterBackupRestoration (0ms)
Platform modules already initialized, skipping
Registering precompiled user dll's ...
Registered in 0.006537 seconds.
Begin MonoManager ReloadAssembly
Native extension for WindowsStandalone target not found
Native extension for Android target not found
Refreshing native plugins compatible for Editor in 0.64 ms, found 2 plugins.
Preloading 0 native plugins for Editor in 0.00 ms.
Package Manager log level set to [2]
Mono: successfully reloaded assembly
- Completed reload, in  1.020 seconds
Domain Reload Profiling:
	ReloadAssembly (1020ms)
		BeginReloadAssembly (106ms)
			ExecutionOrderSort (0ms)
			DisableScriptedObjects (6ms)
			BackupInstance (0ms)
			ReleaseScriptingObjects (0ms)
			CreateAndSetChildDomain (19ms)
		EndReloadAssembly (797ms)
			LoadAssemblies (76ms)
			RebuildTransferFunctionScriptingTraits (0ms)
			SetupTypeCache (180ms)
			ReleaseScriptCaches (1ms)
			RebuildScriptCaches (47ms)
			SetupLoadedEditorAssemblies (448ms)
				LogAssemblyErrors (0ms)
				InitializePlatformSupportModulesInManaged (14ms)
				SetLoadedEditorAssemblies (0ms)
				RefreshPlugins (1ms)
				BeforeProcessingInitializeOnLoad (78ms)
				ProcessInitializeOnLoadAttributes (207ms)
				ProcessInitializeOnLoadMethodAttributes (140ms)
				AfterProcessingInitializeOnLoad (8ms)
				EditorAssembliesLoaded (0ms)
			ExecutionOrderSort2 (0ms)
			AwakeInstancesAfterBackupRestoration (7ms)
Platform modules already initialized, skipping
========================================================================
Worker process is ready to serve import requests
Launched and connected shader compiler UnityShaderCompiler.exe after 0.04 seconds
Refreshing native plugins compatible for Editor in 0.61 ms, found 2 plugins.
Preloading 0 native plugins for Editor in 0.00 ms.
Unloading 2535 Unused Serialized files (Serialized files now loaded: 0)
Unloading 72 unused Assets / (1.3 MB). Loaded Objects now: 2969.
Memory consumption went from 104.7 MB to 103.5 MB.
Total: 7.360800 ms (FindLiveObjects: 0.269700 ms CreateObjectMapping: 0.160000 ms MarkObjects: 6.614300 ms  DeleteObjects: 0.315500 ms)

AssetImportParameters requested are different than current active one (requested -> active):
  custom:video-decoder-ogg-theora: a1e56fd34408186e4bbccfd4996cb3dc -> 
  custom:container-muxer-webm: aa71ff27fc2769a1b78a27578f13a17b -> 
  custom:container-demuxer-webm: 4f35f7cbe854078d1ac9338744f61a02 -> 
  custom:video-encoder-webm-vp8: eb34c28f22e8b96e1ab97ce403110664 -> 
  custom:video-codec-MediaFoundation-h265: 746d11721c4dcdbdad8f713fa42b33f4 -> 
  custom:audio-encoder-webm-vorbis: bf7c407c2cedff20999df2af8eb42d56 -> 
  custom:framework-win-MediaFoundation: 216162199b28c13a410421893ffa2e32 -> 
  custom:container-demuxer-ogg: 62fdf1f143b41e24485cea50d1cbac27 -> 
  custom:video-decoder-webm-vp8: 9c59270c3fd7afecdb556c50c9e8de78 -> 
  custom:audio-decoder-ogg-vorbis: bf7c407c2cedff20999df2af8eb42d56 -> 
========================================================================
Received Import Request.
  Time since last request: 2657.879466 seconds.
  path: Assets/Resources/Image/a466a759e7bd317669d6a8edb589c6ee.jpg
  artifactKey: Guid(2e0078399c62fbb479117270411f82cc) Importer(815301076,1909f56bfc062723c751e8b465ee728b)
Start importing Assets/Resources/Image/a466a759e7bd317669d6a8edb589c6ee.jpg using Guid(2e0078399c62fbb479117270411f82cc) Importer(815301076,1909f56bfc062723c751e8b465ee728b)  -> (artifact id: '4177c94757b9e2e2800280268022302a') in 0.122882 seconds 
========================================================================
Received Import Request.
  Time since last request: 7.702349 seconds.
  path: Assets/Resources/Image/a466a759e7bd317669d6a8edb589c6ee.jpg
  artifactKey: Guid(2e0078399c62fbb479117270411f82cc) Importer(815301076,1909f56bfc062723c751e8b465ee728b)
Start importing Assets/Resources/Image/a466a759e7bd317669d6a8edb589c6ee.jpg using Guid(2e0078399c62fbb479117270411f82cc) Importer(815301076,1909f56bfc062723c751e8b465ee728b)  -> (artifact id: 'f9cfa9766741eb223f596dca34f53492') in 0.301784 seconds 
========================================================================
Received Import Request.
  Time since last request: 246.740450 seconds.
  path: Assets/Resources/Prefab
  artifactKey: Guid(0d136414c2cab13468f3805bf82e08b4) Importer(815301076,1909f56bfc062723c751e8b465ee728b)
Start importing Assets/Resources/Prefab using Guid(0d136414c2cab13468f3805bf82e08b4) Importer(815301076,1909f56bfc062723c751e8b465ee728b)  -> (artifact id: '5812ead0af6db8112482e07ddea271d7') in 0.009685 seconds 
========================================================================
Received Import Request.
  Time since last request: 3.736352 seconds.
  path: Assets/Resources
  artifactKey: Guid(a2c86808d778947429759546cb1b0da8) Importer(815301076,1909f56bfc062723c751e8b465ee728b)
Start importing Assets/Resources using Guid(a2c86808d778947429759546cb1b0da8) Importer(815301076,1909f56bfc062723c751e8b465ee728b)  -> (artifact id: 'b1de04fa1b858ab42c85635b9215b3c0') in 0.010434 seconds 
========================================================================
Received Import Request.
  Time since last request: 6.113540 seconds.
  path: Assets/Resources/Mat
  artifactKey: Guid(816c7b3754823254cae990fb926b4516) Importer(815301076,1909f56bfc062723c751e8b465ee728b)
Start importing Assets/Resources/Mat using Guid(816c7b3754823254cae990fb926b4516) Importer(815301076,1909f56bfc062723c751e8b465ee728b)  -> (artifact id: '28cc7342652e87d1fd28c393d23bc008') in 0.008819 seconds 
========================================================================
Received Import Request.
  Time since last request: 24.480678 seconds.
  path: Assets/Resources/Mat/I美国.mat
  artifactKey: Guid(de2116458d839c540b2bc34c56069b4d) Importer(815301076,1909f56bfc062723c751e8b465ee728b)
Start importing Assets/Resources/Mat/I美国.mat using Guid(de2116458d839c540b2bc34c56069b4d) Importer(815301076,1909f56bfc062723c751e8b465ee728b)  -> (artifact id: '2d42ccc608c01d44c9e4f7dd54f08e8e') in 0.165712 seconds 
========================================================================
Received Import Request.
  Time since last request: 7.913895 seconds.
  path: Assets/Resources/Mat/Img1.mat
  artifactKey: Guid(de2116458d839c540b2bc34c56069b4d) Importer(815301076,1909f56bfc062723c751e8b465ee728b)
Start importing Assets/Resources/Mat/Img1.mat using Guid(de2116458d839c540b2bc34c56069b4d) Importer(815301076,1909f56bfc062723c751e8b465ee728b)  -> (artifact id: 'abf877efe7a41f80dda9fb06ac664066') in 0.016802 seconds 
========================================================================
Received Import Request.
  Time since last request: 103.515371 seconds.
  path: Assets/Resources/Mat/Img1.mat
  artifactKey: Guid(de2116458d839c540b2bc34c56069b4d) Importer(815301076,1909f56bfc062723c751e8b465ee728b)
Start importing Assets/Resources/Mat/Img1.mat using Guid(de2116458d839c540b2bc34c56069b4d) Importer(815301076,1909f56bfc062723c751e8b465ee728b)  -> (artifact id: 'cf6de98280f143b0e9e157114e4d7e88') in 0.033254 seconds 
========================================================================
Received Import Request.
  Time since last request: 345.557717 seconds.
  path: Assets/Resources/Prefab/Image.prefab
  artifactKey: Guid(d953b5c0c7f19794d96ecfc33d971bca) Importer(815301076,1909f56bfc062723c751e8b465ee728b)
Start importing Assets/Resources/Prefab/Image.prefab using Guid(d953b5c0c7f19794d96ecfc33d971bca) Importer(815301076,1909f56bfc062723c751e8b465ee728b)  -> (artifact id: '3af515227b9c9f4d9d6cb70a1e35cdfd') in 0.044584 seconds 
